<?xml version="1.0" encoding="UTF-8" ?>
<testsuite tests="22" failures="0" name="fr.unistra.fizzbuzz.FizzBuzzJUnitParamsTest" time="0.05" errors="0" skipped="0">
  <properties>
[...]
</properties>
  <testcase classname="fr.unistra.fizzbuzz.FizzBuzzJUnitParamsTest" name="returnsNumberForInputNotDivisibleByThreeOrFive(1) [0]" time="0.042"/>
  <testcase classname="fr.unistra.fizzbuzz.FizzBuzzJUnitParamsTest" name="returnsNumberForInputNotDivisibleByThreeOrFive(2) [1]" time="0"/>
  <testcase classname="fr.unistra.fizzbuzz.FizzBuzzJUnitParamsTest" name="returnsNumberForInputNotDivisibleByThreeOrFive(4) [2]" time="0"/>
  <testcase classname="fr.unistra.fizzbuzz.FizzBuzzJUnitParamsTest" name="returnsNumberForInputNotDivisibleByThreeOrFive(7) [3]" time="0"/>
  <testcase classname="fr.unistra.fizzbuzz.FizzBuzzJUnitParamsTest" name="returnsNumberForInputNotDivisibleByThreeOrFive(11) [4]" time="0"/>
  <testcase classname="fr.unistra.fizzbuzz.FizzBuzzJUnitParamsTest" name="returnsNumberForInputNotDivisibleByThreeOrFive(13) [5]" time="0"/>
  <testcase classname="fr.unistra.fizzbuzz.FizzBuzzJUnitParamsTest" name="returnsNumberForInputNotDivisibleByThreeOrFive(14) [6]" time="0"/>
  <testcase classname="fr.unistra.fizzbuzz.FizzBuzzJUnitParamsTest" name="returnsNumberForInputDivisibleBynoThreeButFive(5) [0]" time="0"/>
  <testcase classname="fr.unistra.fizzbuzz.FizzBuzzJUnitParamsTest" name="returnsNumberForInputDivisibleBynoThreeButFive(10) [1]" time="0.001"/>
  <testcase classname="fr.unistra.fizzbuzz.FizzBuzzJUnitParamsTest" name="returnsNumberForInputDivisibleBynoThreeButFive(20) [2]" time="0"/>
  <testcase classname="fr.unistra.fizzbuzz.FizzBuzzJUnitParamsTest" name="returnsNumberForInputDivisibleBynoThreeButFive(25) [3]" time="0"/>
  <testcase classname="fr.unistra.fizzbuzz.FizzBuzzJUnitParamsTest" name="returnsNumberForInputDivisibleBynoThreeButFive(35) [4]" time="0"/>
  <testcase classname="fr.unistra.fizzbuzz.FizzBuzzJUnitParamsTest" name="returnsNumberForInputDivisibleByThreeAndFive(15) [0]" time="0"/>
  <testcase classname="fr.unistra.fizzbuzz.FizzBuzzJUnitParamsTest" name="returnsNumberForInputDivisibleByThreeAndFive(30) [1]" time="0.001"/>
  <testcase classname="fr.unistra.fizzbuzz.FizzBuzzJUnitParamsTest" name="returnsNumberForInputDivisibleByThreeAndFive(45) [2]" time="0"/>
  <testcase classname="fr.unistra.fizzbuzz.FizzBuzzJUnitParamsTest" name="returnsNumberForInputDivisibleByThreeAndFive(60) [3]" time="0"/>
  <testcase classname="fr.unistra.fizzbuzz.FizzBuzzJUnitParamsTest" name="returnsNumberForInputDivisibleByThreeAndFive(75) [4]" time="0.006"/>
  <testcase classname="fr.unistra.fizzbuzz.FizzBuzzJUnitParamsTest" name="returnsNumberForInputDivisibleByThreeButNoFive(3) [0]" time="0"/>
  <testcase classname="fr.unistra.fizzbuzz.FizzBuzzJUnitParamsTest" name="returnsNumberForInputDivisibleByThreeButNoFive(6) [1]" time="0"/>
  <testcase classname="fr.unistra.fizzbuzz.FizzBuzzJUnitParamsTest" name="returnsNumberForInputDivisibleByThreeButNoFive(9) [2]" time="0"/>
  <testcase classname="fr.unistra.fizzbuzz.FizzBuzzJUnitParamsTest" name="returnsNumberForInputDivisibleByThreeButNoFive(12) [3]" time="0"/>
  <testcase classname="fr.unistra.fizzbuzz.FizzBuzzJUnitParamsTest" name="returnsNumberForInputDivisibleByThreeButNoFive(18) [4]" time="0"/>
</testsuite>